<?xml version="1.0" encoding="UTF-8"?>
<!-- Generated by org.testng.reporters.JUnitReportReporter -->
<testsuite skipped="0" hostname="CIPLWKT011" name="Script.MultipleUserLogin" tests="1" failures="0" timestamp="17 Nov 2021 13:08:23 GMT" time="89.029" errors="0">
  <testcase name="testValidLogin" time="89.029" classname="Script.MultipleUserLogin"/>
</testsuite> <!-- Script.MultipleUserLogin -->
