<?xml version="1.0" encoding="UTF-8"?>
<!-- Generated by org.testng.reporters.JUnitReportReporter -->
<testsuite skipped="0" hostname="CIPLWKT014" name="Script.ApproveForwardAndRework" tests="38" failures="0" timestamp="30 Apr 2024 12:20:53 GMT" time="1167.461" errors="0">
  <testcase name="Tc01_LoginSIDBI" time="32.874" classname="Script.ApproveForwardAndRework"/>
  <testcase name="Tc02_CreateOfficeNoteDynamicWF" time="259.291" classname="Script.ApproveForwardAndRework"/>
  <testcase name="Tc03_EnterOTPDialog" time="9.648" classname="Script.ApproveForwardAndRework"/>
  <testcase name="Tc04_SendToWorkflowDialog" time="30.173" classname="Script.ApproveForwardAndRework"/>
  <testcase name="Tc05_Originator_Logout" time="32.103" classname="Script.ApproveForwardAndRework"/>
  <testcase name="Tc06_Task_User1_Login" time="21.356" classname="Script.ApproveForwardAndRework"/>
  <testcase name="Tc07_User1_ApproveAndForward_Wf" time="30.357" classname="Script.ApproveForwardAndRework"/>
  <testcase name="Tc08_User_1_OTP_Validation" time="24.205" classname="Script.ApproveForwardAndRework"/>
  <testcase name="Tc09_User_1_EnterCommentAndSendDocumentToNextUser" time="13.924" classname="Script.ApproveForwardAndRework"/>
  <testcase name="Tc10_TaskUser_1_LogouthePage" time="32.974" classname="Script.ApproveForwardAndRework"/>
  <testcase name="Tc11_Task_User2_Login" time="26.434" classname="Script.ApproveForwardAndRework"/>
  <testcase name="Tc12_User2_ApproveAndForward_Wf" time="27.886" classname="Script.ApproveForwardAndRework"/>
  <testcase name="Tc13_User_2_OTP_Validation" time="20.168" classname="Script.ApproveForwardAndRework"/>
  <testcase name="Tc14_User_2_EnterCommentAndSendDocumentToNextUser" time="13.940" classname="Script.ApproveForwardAndRework"/>
  <testcase name="Tc15_TaskUser_2_LogouthePage" time="32.995" classname="Script.ApproveForwardAndRework"/>
  <testcase name="Tc16_Task_User3_Login" time="28.102" classname="Script.ApproveForwardAndRework"/>
  <testcase name="Tc17_User3_ApproveAndForward_Wf" time="22.025" classname="Script.ApproveForwardAndRework"/>
  <testcase name="Tc18_User_3_OTP_Validation" time="23.766" classname="Script.ApproveForwardAndRework"/>
  <testcase name="Tc19_User_3_EnterCommentAndSendDocumentToNextUser" time="13.936" classname="Script.ApproveForwardAndRework"/>
  <testcase name="Tc20_TaskUser_3_LogouthePage" time="32.005" classname="Script.ApproveForwardAndRework"/>
  <testcase name="Tc21_Task_User4_Login" time="18.947" classname="Script.ApproveForwardAndRework"/>
  <testcase name="Tc22_User4_ReworkDocument" time="25.495" classname="Script.ApproveForwardAndRework"/>
  <testcase name="Tc23_User_4_OTP_Validation" time="17.137" classname="Script.ApproveForwardAndRework"/>
  <testcase name="Tc24_User_4_EnterCommentAndSendDocumentToNextUser" time="13.889" classname="Script.ApproveForwardAndRework"/>
  <testcase name="Tc25_TaskUser_4_LogouthePage" time="63.811" classname="Script.ApproveForwardAndRework"/>
  <testcase name="Tc26_User3_Rework" time="28.903" classname="Script.ApproveForwardAndRework"/>
  <testcase name="Tc27_User_3_OTP_Validation" time="21.166" classname="Script.ApproveForwardAndRework"/>
  <testcase name="Tc28_User_3_EnterCommentAndSendDocumentToPreviousUserForRework" time="13.946" classname="Script.ApproveForwardAndRework"/>
  <testcase name="Tc29_TaskUser_3_LogouthePage" time="34.594" classname="Script.ApproveForwardAndRework"/>
  <testcase name="Tc30_Task2_User_Login" time="27.902" classname="Script.ApproveForwardAndRework"/>
  <testcase name="Tc31_User2_ReworkTheDocument" time="26.025" classname="Script.ApproveForwardAndRework"/>
  <testcase name="Tc32_User_2_OTP_Validation" time="21.502" classname="Script.ApproveForwardAndRework"/>
  <testcase name="Tc33_User_2_EnterCommentAndSendDocumentToPreviousUserForRework" time="13.997" classname="Script.ApproveForwardAndRework"/>
  <testcase name="Tc34_TaskUser_2_LogouthePage" time="34.174" classname="Script.ApproveForwardAndRework"/>
  <testcase name="Tc35_Task_User_1Login" time="28.189" classname="Script.ApproveForwardAndRework"/>
  <testcase name="Tc36_User1_ReworkTheDocument" time="21.310" classname="Script.ApproveForwardAndRework"/>
  <testcase name="Tc37_User_1_OTP_Validation" time="14.348" classname="Script.ApproveForwardAndRework"/>
  <testcase name="Tc38_User_1_EnterCommentNotifyOriginator" time="13.964" classname="Script.ApproveForwardAndRework"/>
</testsuite> <!-- Script.ApproveForwardAndRework -->
