<?xml version="1.0" encoding="UTF-8"?>
<!-- Generated by org.testng.reporters.JUnitReportReporter -->
<testsuite skipped="0" hostname="CIPLWKT010" name="org.mvn.sampleMvn" tests="2" failures="0" timestamp="23 Aug 2023 05:09:11 GMT" time="0.016" errors="0">
  <testcase name="nisha" time="0.016" classname="org.mvn.sampleMvn"/>
  <testcase name="tc02" time="0.000" classname="org.mvn.sampleMvn"/>
</testsuite> <!-- org.mvn.sampleMvn -->
