<?xml version="1.0" encoding="UTF-8"?>
<!-- Generated by org.testng.reporters.JUnitReportReporter -->
<testsuite skipped="0" hostname="CIPLWKT014" name="Script.ApproveAndPSRWorkFlow" tests="29" failures="0" timestamp="10 Apr 2024 10:29:18 GMT" time="914.828" errors="0">
  <testcase name="Tc01_LoginSIDBI" time="22.110" classname="Script.ApproveAndPSRWorkFlow"/>
  <testcase name="Tc02_CreateOfficeNoteDynamicWF" time="265.395" classname="Script.ApproveAndPSRWorkFlow"/>
  <testcase name="Tc03_EnterOTPDialog" time="7.469" classname="Script.ApproveAndPSRWorkFlow"/>
  <testcase name="Tc04_SendToWorkflowDialog" time="39.764" classname="Script.ApproveAndPSRWorkFlow"/>
  <testcase name="Tc05_Originator_Logout" time="33.548" classname="Script.ApproveAndPSRWorkFlow"/>
  <testcase name="Tc06_Task_User1_Login" time="27.344" classname="Script.ApproveAndPSRWorkFlow"/>
  <testcase name="Tc07_User1_ApproveAnd_PSR_Wf" time="24.094" classname="Script.ApproveAndPSRWorkFlow"/>
  <testcase name="Tc08_User_1_OTP_Validation" time="23.234" classname="Script.ApproveAndPSRWorkFlow"/>
  <testcase name="Tc09_User_1_EnterCommentAndSendDocumentToNextUser" time="14.469" classname="Script.ApproveAndPSRWorkFlow"/>
  <testcase name="Tc10_TaskUser_1_LogouthePage" time="31.828" classname="Script.ApproveAndPSRWorkFlow"/>
  <testcase name="Tc11_Task_User2_Login" time="28.815" classname="Script.ApproveAndPSRWorkFlow"/>
  <testcase name="Tc12_User2_ApproveAndPSR_Wf" time="23.185" classname="Script.ApproveAndPSRWorkFlow"/>
  <testcase name="Tc13_User_2_OTP_Validation" time="23.136" classname="Script.ApproveAndPSRWorkFlow"/>
  <testcase name="Tc14_User_2_EnterCommentAndSendDocumentToNextUser" time="14.492" classname="Script.ApproveAndPSRWorkFlow"/>
  <testcase name="Tc15_TaskUser_2_LogouthePage" time="31.152" classname="Script.ApproveAndPSRWorkFlow"/>
  <testcase name="Tc16_Task_User3_Login" time="19.922" classname="Script.ApproveAndPSRWorkFlow"/>
  <testcase name="Tc17_User3_ApproveAndPSR_Wf" time="21.047" classname="Script.ApproveAndPSRWorkFlow"/>
  <testcase name="Tc18_User_3_OTP_Validation" time="22.908" classname="Script.ApproveAndPSRWorkFlow"/>
  <testcase name="Tc19_User_3_EnterCommentAndSendDocumentToNextUser" time="14.436" classname="Script.ApproveAndPSRWorkFlow"/>
  <testcase name="Tc20_TaskUser_3_LogouthePage" time="31.153" classname="Script.ApproveAndPSRWorkFlow"/>
  <testcase name="Tc21_Task_User4_Login" time="20.081" classname="Script.ApproveAndPSRWorkFlow"/>
  <testcase name="Tc22_User3_ApproveAndPSR_Wf" time="24.422" classname="Script.ApproveAndPSRWorkFlow"/>
  <testcase name="Tc23_User_4_OTP_Validation" time="28.875" classname="Script.ApproveAndPSRWorkFlow"/>
  <testcase name="Tc24_User_4_EnterCommentAndSendDocumentToNextUser" time="14.484" classname="Script.ApproveAndPSRWorkFlow"/>
  <testcase name="Tc25_TaskUser_4_LogouthePage" time="31.454" classname="Script.ApproveAndPSRWorkFlow"/>
  <testcase name="Tc26_Task_User5_Login" time="16.890" classname="Script.ApproveAndPSRWorkFlow"/>
  <testcase name="Tc27_User5_ApproveAndEnd_PSR" time="32.973" classname="Script.ApproveAndPSRWorkFlow"/>
  <testcase name="Tc28_User_5_OTP_Validation" time="11.464" classname="Script.ApproveAndPSRWorkFlow"/>
  <testcase name="Tc29_User_5_EnterCommentAndEndPSR" time="14.684" classname="Script.ApproveAndPSRWorkFlow"/>
</testsuite> <!-- Script.ApproveAndPSRWorkFlow -->
