<?xml version="1.0" encoding="UTF-8"?>
<!-- Generated by org.testng.reporters.JUnitReportReporter -->
<testsuite skipped="0" hostname="CIPLWKT014" name="Script.ToDoListFunctionality" tests="29" failures="0" timestamp="10 Apr 2024 06:43:46 GMT" time="951.115" errors="0">
  <testcase name="Tc01_LoginSIDBI" time="42.263" classname="Script.ToDoListFunctionality"/>
  <testcase name="Tc02_CreateOfficeNoteDynamicWF" time="267.374" classname="Script.ToDoListFunctionality"/>
  <testcase name="Tc03_EnterOTPDialog" time="8.298" classname="Script.ToDoListFunctionality"/>
  <testcase name="Tc04_SendToWorkflowDialog" time="35.296" classname="Script.ToDoListFunctionality"/>
  <testcase name="Tc05_Originator_Logout" time="32.499" classname="Script.ToDoListFunctionality"/>
  <testcase name="Tc06_Task_User1_Login" time="23.670" classname="Script.ToDoListFunctionality"/>
  <testcase name="Tc07_User1_ApproveAndForward_Wf" time="22.078" classname="Script.ToDoListFunctionality"/>
  <testcase name="Tc08_User_1_OTP_Validation" time="20.677" classname="Script.ToDoListFunctionality"/>
  <testcase name="Tc09_User_1_EnterCommentAndSendDocumentToNextUser" time="14.448" classname="Script.ToDoListFunctionality"/>
  <testcase name="Tc10_TaskUser_1_LogouthePage" time="31.086" classname="Script.ToDoListFunctionality"/>
  <testcase name="Tc11_Task_User2_Login" time="26.679" classname="Script.ToDoListFunctionality"/>
  <testcase name="Tc12_User2_ApproveAndPSR_Wf" time="20.516" classname="Script.ToDoListFunctionality"/>
  <testcase name="Tc13_User_2_OTP_Validation" time="24.890" classname="Script.ToDoListFunctionality"/>
  <testcase name="Tc14_User_2_EnterCommentAndSendDocumentToNextUser" time="14.453" classname="Script.ToDoListFunctionality"/>
  <testcase name="Tc15_TaskUser_2_LogouthePage" time="32.237" classname="Script.ToDoListFunctionality"/>
  <testcase name="Tc16_Task_User3_Login" time="30.028" classname="Script.ToDoListFunctionality"/>
  <testcase name="Tc17_User3_ApproveAndForward_Wf" time="22.328" classname="Script.ToDoListFunctionality"/>
  <testcase name="Tc18_User_3_OTP_Validation" time="25.300" classname="Script.ToDoListFunctionality"/>
  <testcase name="Tc19_User_3_EnterCommentAndSendDocumentToNextUser" time="14.434" classname="Script.ToDoListFunctionality"/>
  <testcase name="Tc20_TaskUser_3_LogouthePage" time="32.220" classname="Script.ToDoListFunctionality"/>
  <testcase name="Tc21_Task_User4_Login" time="27.842" classname="Script.ToDoListFunctionality"/>
  <testcase name="Tc22_User3_ApproveAndForward_Wf" time="22.234" classname="Script.ToDoListFunctionality"/>
  <testcase name="Tc23_User_4_OTP_Validation" time="30.454" classname="Script.ToDoListFunctionality"/>
  <testcase name="Tc24_User_4_EnterCommentAndSendDocumentToNextUser" time="14.438" classname="Script.ToDoListFunctionality"/>
  <testcase name="Tc25_TaskUser_4_LogouthePage" time="31.162" classname="Script.ToDoListFunctionality"/>
  <testcase name="Tc26_Task_User5_Login" time="26.477" classname="Script.ToDoListFunctionality"/>
  <testcase name="Tc27_User5_ApproveAndEnd_Wf" time="31.839" classname="Script.ToDoListFunctionality"/>
  <testcase name="Tc28_User_5_OTP_Validation" time="11.410" classname="Script.ToDoListFunctionality"/>
  <testcase name="Tc29_User_5_EnterCommentAndEndTheWorkflow" time="14.485" classname="Script.ToDoListFunctionality"/>
</testsuite> <!-- Script.ToDoListFunctionality -->
