<?xml version="1.0" encoding="UTF-8"?>
<!-- Generated by org.testng.reporters.JUnitReportReporter -->
<testsuite skipped="0" hostname="CIPLWKT014" name="Script.ApproveAndForwardWF" tests="54" failures="0" timestamp="30 Apr 2024 12:20:53 GMT" time="1796.522" errors="0">
  <testcase name="Tc01_LoginSIDBI" time="37.266" classname="Script.ApproveAndForwardWF"/>
  <testcase name="Tc02_CreateOfficeNoteDynamicWF" time="442.249" classname="Script.ApproveAndForwardWF"/>
  <testcase name="Tc03_EnterOTPDialog" time="9.713" classname="Script.ApproveAndForwardWF"/>
  <testcase name="Tc04_SendToWorkflowDialog" time="40.227" classname="Script.ApproveAndForwardWF"/>
  <testcase name="Tc05_Originator_Logout" time="35.478" classname="Script.ApproveAndForwardWF"/>
  <testcase name="Tc06_Task_User1_Login" time="25.680" classname="Script.ApproveAndForwardWF"/>
  <testcase name="Tc07_User1_ApproveAndForward_Wf" time="23.395" classname="Script.ApproveAndForwardWF"/>
  <testcase name="Tc08_User_1_OTP_Validation" time="20.530" classname="Script.ApproveAndForwardWF"/>
  <testcase name="Tc09_User_1_EnterCommentAndSendDocumentToNextUser" time="13.955" classname="Script.ApproveAndForwardWF"/>
  <testcase name="Tc10_TaskUser_1_LogouthePage" time="35.481" classname="Script.ApproveAndForwardWF"/>
  <testcase name="Tc11_Task_User2_Login" time="32.308" classname="Script.ApproveAndForwardWF"/>
  <testcase name="Tc12_User2_ApproveAndForward_Wf" time="24.913" classname="Script.ApproveAndForwardWF"/>
  <testcase name="Tc13_User_2_OTP_Validation" time="20.701" classname="Script.ApproveAndForwardWF"/>
  <testcase name="Tc14_User_2_EnterCommentAndSendDocumentToNextUser" time="13.939" classname="Script.ApproveAndForwardWF"/>
  <testcase name="Tc15_TaskUser_2_LogouthePage" time="32.189" classname="Script.ApproveAndForwardWF"/>
  <testcase name="Tc16_Task_User3_Login" time="32.656" classname="Script.ApproveAndForwardWF"/>
  <testcase name="Tc17_User3_ApproveAndForward_Wf" time="24.409" classname="Script.ApproveAndForwardWF"/>
  <testcase name="Tc18_User_3_OTP_Validation" time="26.454" classname="Script.ApproveAndForwardWF"/>
  <testcase name="Tc19_User_3_EnterCommentAndSendDocumentToNextUser" time="13.902" classname="Script.ApproveAndForwardWF"/>
  <testcase name="Tc20_TaskUser_3_LogouthePage" time="32.623" classname="Script.ApproveAndForwardWF"/>
  <testcase name="Tc21_Task_User4_Login" time="27.381" classname="Script.ApproveAndForwardWF"/>
  <testcase name="Tc22_User3_ApproveAndForward_Wf" time="22.789" classname="Script.ApproveAndForwardWF"/>
  <testcase name="Tc23_User_4_OTP_Validation" time="19.236" classname="Script.ApproveAndForwardWF"/>
  <testcase name="Tc24_User_4_EnterCommentAndSendDocumentToNextUser" time="13.909" classname="Script.ApproveAndForwardWF"/>
  <testcase name="Tc25_TaskUser_4_LogouthePage" time="31.886" classname="Script.ApproveAndForwardWF"/>
  <testcase name="Tc26_Task_User5_Login" time="24.817" classname="Script.ApproveAndForwardWF"/>
  <testcase name="Tc27_User5_ApproveAndEnd_Wf" time="22.317" classname="Script.ApproveAndForwardWF"/>
  <testcase name="Tc28_User_5_OTP_Validation" time="25.502" classname="Script.ApproveAndForwardWF"/>
  <testcase name="Tc29_User_5_EnterCommentAndApporveTheWorkflow" time="9.950" classname="Script.ApproveAndForwardWF"/>
  <testcase name="Tc30_TaskUser_5_LogouthePage" time="32.894" classname="Script.ApproveAndForwardWF"/>
  <testcase name="Tc31_Task_User6_Login" time="29.384" classname="Script.ApproveAndForwardWF"/>
  <testcase name="Tc32_User6_ApproveAndForward_Wf" time="28.128" classname="Script.ApproveAndForwardWF"/>
  <testcase name="Tc33_User_6_OTP_Validation" time="29.557" classname="Script.ApproveAndForwardWF"/>
  <testcase name="Tc34_User_6_EnterCommentAndSendDocumentToNextUser" time="13.982" classname="Script.ApproveAndForwardWF"/>
  <testcase name="Tc35_TaskUser_6_LogouthePage" time="31.882" classname="Script.ApproveAndForwardWF"/>
  <testcase name="Tc36_Task_User7_Login" time="31.360" classname="Script.ApproveAndForwardWF"/>
  <testcase name="Tc37_User7_ApproveAndForward_Wf" time="21.698" classname="Script.ApproveAndForwardWF"/>
  <testcase name="Tc38_User_7_OTP_Validation" time="30.997" classname="Script.ApproveAndForwardWF"/>
  <testcase name="Tc39_User_7_EnterCommentAndSendDocumentToNextUser" time="13.904" classname="Script.ApproveAndForwardWF"/>
  <testcase name="Tc40_TaskUser_7_LogouthePage" time="31.940" classname="Script.ApproveAndForwardWF"/>
  <testcase name="Tc41_Task_User8_Login" time="31.467" classname="Script.ApproveAndForwardWF"/>
  <testcase name="Tc42_User8_ApproveAndForward_Wf" time="22.805" classname="Script.ApproveAndForwardWF"/>
  <testcase name="Tc43_User_8_OTP_Validation" time="28.600" classname="Script.ApproveAndForwardWF"/>
  <testcase name="Tc44_User_8_EnterCommentAndSendDocumentToNextUser" time="13.910" classname="Script.ApproveAndForwardWF"/>
  <testcase name="Tc45_TaskUser_8_LogouthePage" time="31.887" classname="Script.ApproveAndForwardWF"/>
  <testcase name="Tc46_Task_User9_Login" time="31.564" classname="Script.ApproveAndForwardWF"/>
  <testcase name="Tc47_User9_ApproveAndForward_Wf" time="22.594" classname="Script.ApproveAndForwardWF"/>
  <testcase name="Tc48_User_9_OTP_Validation" time="29.048" classname="Script.ApproveAndForwardWF"/>
  <testcase name="Tc49_User_9_EnterCommentAndSendDocumentToNextUser" time="13.929" classname="Script.ApproveAndForwardWF"/>
  <testcase name="Tc50_TaskUser_9_LogouthePage" time="33.061" classname="Script.ApproveAndForwardWF"/>
  <testcase name="Tc51_Task_User10_Login" time="26.702" classname="Script.ApproveAndForwardWF"/>
  <testcase name="Tc52_User10_ApproveAndEnd_Wf" time="51.820" classname="Script.ApproveAndForwardWF"/>
  <testcase name="Tc53_User_10_OTP_Validation" time="13.622" classname="Script.ApproveAndForwardWF"/>
  <testcase name="Tc54_User_10_EnterCommentAndEndTheWF" time="13.932" classname="Script.ApproveAndForwardWF"/>
</testsuite> <!-- Script.ApproveAndForwardWF -->
