<?xml version="1.0" encoding="UTF-8"?>
<!-- Generated by org.testng.reporters.JUnitReportReporter -->
<testsuite skipped="0" hostname="CIPLWKT014" name="Script.ApproveAndFrwdByAllUsers" tests="63" failures="0" timestamp="30 Apr 2024 12:20:54 GMT" time="1974.733" errors="0">
  <testcase name="Tc01_LoginSIDBI" time="28.400" classname="Script.ApproveAndFrwdByAllUsers"/>
  <testcase name="Tc02_CreateOfficeNoteDynamicWF" time="148.716" classname="Script.ApproveAndFrwdByAllUsers"/>
  <testcase name="Tc03_EnterOTPDialog" time="9.634" classname="Script.ApproveAndFrwdByAllUsers"/>
  <testcase name="Tc04_SendToWorkflowDialog" time="35.073" classname="Script.ApproveAndFrwdByAllUsers"/>
  <testcase name="Tc05_Originator_LogouthePage" time="35.696" classname="Script.ApproveAndFrwdByAllUsers"/>
  <testcase name="Tc06_Task_User1_Login" time="33.726" classname="Script.ApproveAndFrwdByAllUsers"/>
  <testcase name="Tc07_User1_ApproveAnd_PSR" time="23.228" classname="Script.ApproveAndFrwdByAllUsers"/>
  <testcase name="Tc08_User_1_OTP_Validation" time="15.656" classname="Script.ApproveAndFrwdByAllUsers"/>
  <testcase name="Tc09_User_1_Add_One_More_Task_User" time="63.225" classname="Script.ApproveAndFrwdByAllUsers"/>
  <testcase name="Tc10_User_1_EnterCommentAndApprovedForwardR" time="13.902" classname="Script.ApproveAndFrwdByAllUsers"/>
  <testcase name="Tc11_TaskUser_1_LogouthePage" time="32.071" classname="Script.ApproveAndFrwdByAllUsers"/>
  <testcase name="Tc12_Task_User1_Login" time="21.638" classname="Script.ApproveAndFrwdByAllUsers"/>
  <testcase name="Tc13_User2_ApproveAnd_Forward" time="25.624" classname="Script.ApproveAndFrwdByAllUsers"/>
  <testcase name="Tc14_User_2_OTP_Validation" time="14.975" classname="Script.ApproveAndFrwdByAllUsers"/>
  <testcase name="Tc15_User_2_Add_One_More_Task_User" time="61.754" classname="Script.ApproveAndFrwdByAllUsers"/>
  <testcase name="Tc16_User_2_EnterCommentAndApprovedForward" time="13.889" classname="Script.ApproveAndFrwdByAllUsers"/>
  <testcase name="Tc17_TaskUser_2_LogouthePage" time="33.865" classname="Script.ApproveAndFrwdByAllUsers"/>
  <testcase name="Tc18_Task_User3_Login" time="29.057" classname="Script.ApproveAndFrwdByAllUsers"/>
  <testcase name="Tc19_User3_ApproveAnd_Forward" time="25.563" classname="Script.ApproveAndFrwdByAllUsers"/>
  <testcase name="Tc20_User_3_OTP_Validation" time="20.520" classname="Script.ApproveAndFrwdByAllUsers"/>
  <testcase name="Tc21_User__3Add_One_More_Task_User" time="70.761" classname="Script.ApproveAndFrwdByAllUsers"/>
  <testcase name="Tc22_User_3_EnterCommentAndApprovedForward" time="13.926" classname="Script.ApproveAndFrwdByAllUsers"/>
  <testcase name="Tc23_TaskUser__3_LogouthePage" time="34.508" classname="Script.ApproveAndFrwdByAllUsers"/>
  <testcase name="Tc24_Task_User4_Login" time="26.611" classname="Script.ApproveAndFrwdByAllUsers"/>
  <testcase name="Tc25_User5_ApproveAnd_Forward" time="23.261" classname="Script.ApproveAndFrwdByAllUsers"/>
  <testcase name="Tc26_User_4_OTP_Validation" time="14.449" classname="Script.ApproveAndFrwdByAllUsers"/>
  <testcase name="Tc27_User__4_Add_One_More_Task_User" time="70.225" classname="Script.ApproveAndFrwdByAllUsers"/>
  <testcase name="Tc28_User_4_EnterCommentAndApprovedForward" time="13.953" classname="Script.ApproveAndFrwdByAllUsers"/>
  <testcase name="Tc29_TaskUser_4_LogouthePage" time="31.847" classname="Script.ApproveAndFrwdByAllUsers"/>
  <testcase name="Tc30_Task_User5_Login" time="24.496" classname="Script.ApproveAndFrwdByAllUsers"/>
  <testcase name="Tc31_User5_ApproveAndEnd_Forward" time="21.787" classname="Script.ApproveAndFrwdByAllUsers"/>
  <testcase name="Tc32_User_5_OTP_Validation" time="14.332" classname="Script.ApproveAndFrwdByAllUsers"/>
  <testcase name="Tc33_User_5_Add_One_More_Task_User" time="70.494" classname="Script.ApproveAndFrwdByAllUsers"/>
  <testcase name="Tc34_User_5_EnterCommentAndEndForward" time="13.899" classname="Script.ApproveAndFrwdByAllUsers"/>
  <testcase name="Tc35_TaskUser_5_LogouthePage" time="32.935" classname="Script.ApproveAndFrwdByAllUsers"/>
  <testcase name="Tc36_Task_User6_Login" time="32.244" classname="Script.ApproveAndFrwdByAllUsers"/>
  <testcase name="Tc37_User6_ApproveAnd_Forward" time="23.094" classname="Script.ApproveAndFrwdByAllUsers"/>
  <testcase name="Tc38_User_6_OTP_Validation" time="15.197" classname="Script.ApproveAndFrwdByAllUsers"/>
  <testcase name="Tc39_User_6_Add_One_More_Task_User" time="74.097" classname="Script.ApproveAndFrwdByAllUsers"/>
  <testcase name="Tc40_User_6_EnterCommentAndApprovedForward" time="13.990" classname="Script.ApproveAndFrwdByAllUsers"/>
  <testcase name="Tc41_TaskUser_6_LogouthePage" time="32.016" classname="Script.ApproveAndFrwdByAllUsers"/>
  <testcase name="Tc42_Task_User7_Login" time="26.970" classname="Script.ApproveAndFrwdByAllUsers"/>
  <testcase name="Tc43_User7_ApproveAnd_Forward" time="24.745" classname="Script.ApproveAndFrwdByAllUsers"/>
  <testcase name="Tc44_User_7_OTP_Validation" time="15.544" classname="Script.ApproveAndFrwdByAllUsers"/>
  <testcase name="Tc45_User_7_Add_One_More_Task_User" time="62.925" classname="Script.ApproveAndFrwdByAllUsers"/>
  <testcase name="Tc46_User_7_EnterCommentAndApprovedForward" time="13.931" classname="Script.ApproveAndFrwdByAllUsers"/>
  <testcase name="Tc47_TaskUser_6_LogouthePage" time="33.496" classname="Script.ApproveAndFrwdByAllUsers"/>
  <testcase name="Tc48_Task_User7_Login" time="26.310" classname="Script.ApproveAndFrwdByAllUsers"/>
  <testcase name="Tc49_User8_ApproveAnd_Forward" time="23.249" classname="Script.ApproveAndFrwdByAllUsers"/>
  <testcase name="Tc50_User_8_OTP_Validation" time="16.040" classname="Script.ApproveAndFrwdByAllUsers"/>
  <testcase name="Tc51_User_8_Add_One_More_Task_User" time="74.046" classname="Script.ApproveAndFrwdByAllUsers"/>
  <testcase name="Tc52_User_8_EnterCommentAndApprovedForwardR" time="13.916" classname="Script.ApproveAndFrwdByAllUsers"/>
  <testcase name="Tc53_TaskUser_8_LogouthePage" time="32.856" classname="Script.ApproveAndFrwdByAllUsers"/>
  <testcase name="Tc54_Task_User9_Login" time="31.343" classname="Script.ApproveAndFrwdByAllUsers"/>
  <testcase name="Tc55_User9_ApproveAnd_Forward" time="21.717" classname="Script.ApproveAndFrwdByAllUsers"/>
  <testcase name="Tc56_User_9_OTP_Validation" time="15.467" classname="Script.ApproveAndFrwdByAllUsers"/>
  <testcase name="Tc57_User_9_Add_One_More_Task_User" time="67.215" classname="Script.ApproveAndFrwdByAllUsers"/>
  <testcase name="Tc58_User_9_EnterCommentAndApprovedForward" time="13.915" classname="Script.ApproveAndFrwdByAllUsers"/>
  <testcase name="Tc59_TaskUser_9_LogouthePage" time="31.901" classname="Script.ApproveAndFrwdByAllUsers"/>
  <testcase name="Tc60_Task_User10_Login" time="24.998" classname="Script.ApproveAndFrwdByAllUsers"/>
  <testcase name="Tc61_User10_ApproveAnd_PSR" time="21.681" classname="Script.ApproveAndFrwdByAllUsers"/>
  <testcase name="Tc62_User_10_OTP_Validation" time="14.236" classname="Script.ApproveAndFrwdByAllUsers"/>
  <testcase name="Tc63_User_10_EnterCommentAndApprovedPSR" time="13.898" classname="Script.ApproveAndFrwdByAllUsers"/>
</testsuite> <!-- Script.ApproveAndFrwdByAllUsers -->
