<?xml version="1.0" encoding="UTF-8"?>
<!-- Generated by org.testng.reporters.JUnitReportReporter -->
<testsuite skipped="0" hostname="CIPLWKT014" name="Script.Security_dialog" tests="6" failures="0" timestamp="19 Sep 2023 13:41:28 GMT" time="93.649" errors="0">
  <testcase name="Open_Security_Dialog_And_Verify_Title" time="26.166" classname="Script.Security_dialog"/>
  <testcase name="Verify_Add_User_And_Give_Permissions" time="10.981" classname="Script.Security_dialog"/>
  <testcase name="Verify_Remove_User" time="13.436" classname="Script.Security_dialog"/>
  <testcase name="Verify_The_Cancel_Button" time="12.356" classname="Script.Security_dialog"/>
  <testcase name="Verify_The_Cross_Button_Of_Security_Dialog" time="11.903" classname="Script.Security_dialog"/>
  <testcase name="Verify_The_Reset_Functionality" time="18.807" classname="Script.Security_dialog"/>
</testsuite> <!-- Script.Security_dialog -->
