<?xml version="1.0" encoding="UTF-8"?>
<!-- Generated by org.testng.reporters.JUnitReportReporter -->
<testsuite skipped="0" hostname="CIPLWKT010" name="Script.seachFucn02" tests="9" failures="0" timestamp="31 Aug 2023 09:48:38 GMT" time="92.117" errors="0">
  <testcase name="Tc03" time="7.755" classname="Script.seachFucn02"/>
  <testcase name="Tc07" time="4.984" classname="Script.seachFucn02"/>
  <testcase name="Tc08" time="11.061" classname="Script.seachFucn02"/>
  <testcase name="Tc01" time="12.826" classname="Script.seachFucn02"/>
  <testcase name="Tc06" time="17.168" classname="Script.seachFucn02"/>
  <testcase name="Tc02" time="11.916" classname="Script.seachFucn02"/>
  <testcase name="Tc05" time="7.514" classname="Script.seachFucn02"/>
  <testcase name="Tc09" time="8.256" classname="Script.seachFucn02"/>
  <testcase name="Tc04" time="10.637" classname="Script.seachFucn02"/>
</testsuite> <!-- Script.seachFucn02 -->
