<?xml version="1.0" encoding="UTF-8"?>
<!-- Generated by org.testng.reporters.JUnitReportReporter -->
<testsuite skipped="0" hostname="CIPLWKT014" name="Generic.CrossBrowserTesting" tests="2" failures="0" timestamp="25 Sep 2023 13:03:46 GMT" time="26.188" errors="0">
  <testcase name="LaunchCVSBrow" time="9.280" classname="Generic.CrossBrowserTesting"/>
  <testcase name="LaunchCVSBrow" time="16.908" classname="Generic.CrossBrowserTesting"/>
</testsuite> <!-- Generic.CrossBrowserTesting -->
