<?xml version="1.0" encoding="UTF-8"?>
<!-- Generated by org.testng.reporters.JUnitReportReporter -->
<testsuite skipped="0" hostname="CIPLWKT014" name="Script.Custom_Columns_TestRoom" tests="15" failures="0" timestamp="19 Sep 2023 13:41:28 GMT" time="213.800" errors="0">
  <testcase name="Open_Custom_List_Dialog_And_Verify_Title_Roomcolumn" time="10.189" classname="Script.Custom_Columns_TestRoom"/>
  <testcase name="Verify_The_Text_of_Custom_List_Dialog_Roomcolumn" time="5.104" classname="Script.Custom_Columns_TestRoom"/>
  <testcase name="Set_And_Verify_Custom_Columns_NodeLevel" time="44.623" classname="Script.Custom_Columns_TestRoom"/>
  <testcase name="Verify_Default_Custom_Columns" time="11.150" classname="Script.Custom_Columns_TestRoom"/>
  <testcase name="Verify_Cancel_Button_of_CustomList" time="10.116" classname="Script.Custom_Columns_TestRoom"/>
  <testcase name="Verify_Custom_Columns_RoomLevel" time="10.998" classname="Script.Custom_Columns_TestRoom"/>
  <testcase name="Verify_Reset_Columns_Functionality" time="2.616" classname="Script.Custom_Columns_TestRoom"/>
  <testcase name="Open_Custom_List_Dialog_And_Verify_Title_Searchcolumn" time="9.531" classname="Script.Custom_Columns_TestRoom"/>
  <testcase name="Verify_The_Text_of_Custom_List_Dialog_Searchcolumn" time="5.062" classname="Script.Custom_Columns_TestRoom"/>
  <testcase name="Verify_Set_Custom_Columns_for_Search" time="29.697" classname="Script.Custom_Columns_TestRoom"/>
  <testcase name="Verify_Reset_Columns_for_Search" time="18.931" classname="Script.Custom_Columns_TestRoom"/>
  <testcase name="Open_Custom_List_Dialog_And_Verify_Title_ToDoList" time="9.635" classname="Script.Custom_Columns_TestRoom"/>
  <testcase name="Verify_The_Text_of_Custom_List_Dialog_ToDoList" time="5.094" classname="Script.Custom_Columns_TestRoom"/>
  <testcase name="Verify_Set_Custom_Columns_for_ToDoList" time="28.380" classname="Script.Custom_Columns_TestRoom"/>
  <testcase name="Reset_Custom_Columns_for_ToDoList" time="12.674" classname="Script.Custom_Columns_TestRoom"/>
</testsuite> <!-- Script.Custom_Columns_TestRoom -->
