<?xml version="1.0" encoding="UTF-8"?>
<!-- Generated by org.testng.reporters.JUnitReportReporter -->
<testsuite skipped="0" hostname="CIPLWKT014" name="Script.SelectDocumentLocation" tests="25" failures="0" timestamp="04 Sep 2023 05:41:06 GMT" time="759.690" errors="0">
  <testcase name="Tc16" time="75.008" classname="Script.SelectDocumentLocation"/>
  <testcase name="Tc20" time="66.461" classname="Script.SelectDocumentLocation"/>
  <testcase name="Tc18" time="142.643" classname="Script.SelectDocumentLocation"/>
  <testcase name="Tc21" time="67.923" classname="Script.SelectDocumentLocation"/>
  <testcase name="Tc12" time="11.731" classname="Script.SelectDocumentLocation"/>
  <testcase name="Tc24" time="61.414" classname="Script.SelectDocumentLocation"/>
  <testcase name="Tc09" time="8.714" classname="Script.SelectDocumentLocation"/>
  <testcase name="Tc11" time="13.672" classname="Script.SelectDocumentLocation"/>
  <testcase name="Tc23" time="6.519" classname="Script.SelectDocumentLocation"/>
  <testcase name="Tc25" time="7.220" classname="Script.SelectDocumentLocation"/>
  <testcase name="Tc22" time="11.659" classname="Script.SelectDocumentLocation"/>
  <testcase name="Tc01" time="6.849" classname="Script.SelectDocumentLocation"/>
  <testcase name="Tc07" time="3.776" classname="Script.SelectDocumentLocation"/>
  <testcase name="Tc08" time="10.003" classname="Script.SelectDocumentLocation"/>
  <testcase name="Tc13" time="20.921" classname="Script.SelectDocumentLocation"/>
  <testcase name="Tc15" time="21.013" classname="Script.SelectDocumentLocation"/>
  <testcase name="Tc06" time="12.027" classname="Script.SelectDocumentLocation"/>
  <testcase name="Tc10" time="16.075" classname="Script.SelectDocumentLocation"/>
  <testcase name="Tc19" time="55.857" classname="Script.SelectDocumentLocation"/>
  <testcase name="Tc17" time="98.410" classname="Script.SelectDocumentLocation"/>
  <testcase name="Tc02" time="11.787" classname="Script.SelectDocumentLocation"/>
  <testcase name="Tc04" time="6.766" classname="Script.SelectDocumentLocation"/>
  <testcase name="Tc05" time="3.915" classname="Script.SelectDocumentLocation"/>
  <testcase name="Tc03" time="7.037" classname="Script.SelectDocumentLocation"/>
  <testcase name="Tc14" time="12.290" classname="Script.SelectDocumentLocation"/>
</testsuite> <!-- Script.SelectDocumentLocation -->
